# JRE version: Java(TM) SE Runtime Environment (17.0.6+9) (build 17.0.6+9-LTS-190)
# Java VM: Java HotSpot(TM) 64-Bit Server VM (17.0.6+9-LTS-190, mixed mode, sharing, tiered, compressed oops, compressed class ptrs, g1 gc, windows-amd64)
GC Precious Log:
 CPUs: 8 total, 8 available
 Memory: 6020M
 Large Page Support: Disabled
 NUMA Support: Disabled
 Compressed Oops: Enabled (32-bit)
 Heap Region Size: 1M
 Heap Min Capacity: 8M
 Heap Initial Capacity: 96M
 Heap Max Capacity: 1506M
 Pre-touch: Disabled
 Parallel Workers: 8
 Concurrent Workers: 2
 Concurrent Refinement Workers: 8
 Periodic GC: Disabled
Heap:
 garbage-first heap   total 65536K, used 37861K [0x00000000a1e00000, 0x0000000100000000)
  region size 1024K, 13 young (13312K), 1 survivors (1024K)
 Metaspace       used 64739K, committed 65280K, reserved 1105920K
  class space    used 8835K, committed 9088K, reserved 1048576K
GC Heap History (20 events):
Event: 7.282 GC heap before
{Heap before GC invocations=7 (full 0):
 garbage-first heap   total 48128K, used 34021K [0x00000000a1e00000, 0x0000000100000000)
  region size 1024K, 20 young (20480K), 2 survivors (2048K)
 Metaspace       used 34798K, committed 35264K, reserved 1081344K
  class space    used 4476K, committed 4672K, reserved 1048576K
}
Event: 7.286 GC heap after
{Heap after GC invocations=8 (full 0):
 garbage-first heap   total 48128K, used 18804K [0x00000000a1e00000, 0x0000000100000000)
  region size 1024K, 3 young (3072K), 3 survivors (3072K)
 Metaspace       used 34798K, committed 35264K, reserved 1081344K
  class space    used 4476K, committed 4672K, reserved 1048576K
}
Event: 7.338 GC heap before
{Heap before GC invocations=8 (full 0):
 garbage-first heap   total 48128K, used 18804K [0x00000000a1e00000, 0x0000000100000000)
  region size 1024K, 4 young (4096K), 3 survivors (3072K)
 Metaspace       used 35527K, committed 35968K, reserved 1081344K
  class space    used 4567K, committed 4800K, reserved 1048576K
}
Event: 7.340 GC heap after
{Heap after GC invocations=9 (full 0):
 garbage-first heap   total 48128K, used 19045K [0x00000000a1e00000, 0x0000000100000000)
  region size 1024K, 1 young (1024K), 1 survivors (1024K)
 Metaspace       used 35527K, committed 35968K, reserved 1081344K
  class space    used 4567K, committed 4800K, reserved 1048576K
}
Event: 8.052 GC heap before
{Heap before GC invocations=10 (full 0):
 garbage-first heap   total 48128K, used 34405K [0x00000000a1e00000, 0x0000000100000000)
  region size 1024K, 17 young (17408K), 1 survivors (1024K)
 Metaspace       used 40655K, committed 41088K, reserved 1089536K
  class space    used 5221K, committed 5440K, reserved 1048576K
}
Event: 8.055 GC heap after
{Heap after GC invocations=11 (full 0):
 garbage-first heap   total 48128K, used 19988K [0x00000000a1e00000, 0x0000000100000000)
  region size 1024K, 2 young (2048K), 2 survivors (2048K)
 Metaspace       used 40655K, committed 41088K, reserved 1089536K
  class space    used 5221K, committed 5440K, reserved 1048576K
}
Event: 8.086 GC heap before
{Heap before GC invocations=11 (full 0):
 garbage-first heap   total 48128K, used 21012K [0x00000000a1e00000, 0x0000000100000000)
  region size 1024K, 3 young (3072K), 2 survivors (2048K)
 Metaspace       used 40857K, committed 41344K, reserved 1089536K
  class space    used 5259K, committed 5504K, reserved 1048576K
}
Event: 8.089 GC heap after
{Heap after GC invocations=12 (full 0):
 garbage-first heap   total 48128K, used 19826K [0x00000000a1e00000, 0x0000000100000000)
  region size 1024K, 1 young (1024K), 1 survivors (1024K)
 Metaspace       used 40857K, committed 41344K, reserved 1089536K
  class space    used 5259K, committed 5504K, reserved 1048576K
}
Event: 8.814 GC heap before
{Heap before GC invocations=12 (full 0):
 garbage-first heap   total 48128K, used 35186K [0x00000000a1e00000, 0x0000000100000000)
  region size 1024K, 17 young (17408K), 1 survivors (1024K)
 Metaspace       used 45046K, committed 45504K, reserved 1089536K
  class space    used 5945K, committed 6144K, reserved 1048576K
}
Event: 8.816 GC heap after
{Heap after GC invocations=13 (full 0):
 garbage-first heap   total 65536K, used 20745K [0x00000000a1e00000, 0x0000000100000000)
  region size 1024K, 2 young (2048K), 2 survivors (2048K)
 Metaspace       used 45046K, committed 45504K, reserved 1089536K
  class space    used 5945K, committed 6144K, reserved 1048576K
}
Event: 9.672 GC heap before
{Heap before GC invocations=13 (full 0):
 garbage-first heap   total 65536K, used 47369K [0x00000000a1e00000, 0x0000000100000000)
  region size 1024K, 29 young (29696K), 2 survivors (2048K)
 Metaspace       used 53132K, committed 53568K, reserved 1097728K
  class space    used 7097K, committed 7296K, reserved 1048576K
}
Event: 9.677 GC heap after
{Heap after GC invocations=14 (full 0):
 garbage-first heap   total 65536K, used 21912K [0x00000000a1e00000, 0x0000000100000000)
  region size 1024K, 3 young (3072K), 3 survivors (3072K)
 Metaspace       used 53132K, committed 53568K, reserved 1097728K
  class space    used 7097K, committed 7296K, reserved 1048576K
}
Event: 10.404 GC heap before
{Heap before GC invocations=14 (full 0):
 garbage-first heap   total 65536K, used 49560K [0x00000000a1e00000, 0x0000000100000000)
  region size 1024K, 30 young (30720K), 3 survivors (3072K)
 Metaspace       used 59777K, committed 60288K, reserved 1105920K
  class space    used 8089K, committed 8320K, reserved 1048576K
}
Event: 10.408 GC heap after
{Heap after GC invocations=15 (full 0):
 garbage-first heap   total 65536K, used 23649K [0x00000000a1e00000, 0x0000000100000000)
  region size 1024K, 3 young (3072K), 3 survivors (3072K)
 Metaspace       used 59777K, committed 60288K, reserved 1105920K
  class space    used 8089K, committed 8320K, reserved 1048576K
}
Event: 10.428 GC heap before
{Heap before GC invocations=15 (full 0):
 garbage-first heap   total 65536K, used 23649K [0x00000000a1e00000, 0x0000000100000000)
  region size 1024K, 4 young (4096K), 3 survivors (3072K)
 Metaspace       used 59991K, committed 60416K, reserved 1105920K
  class space    used 8113K, committed 8320K, reserved 1048576K
}
Event: 10.431 GC heap after
{Heap after GC invocations=16 (full 0):
 garbage-first heap   total 65536K, used 23852K [0x00000000a1e00000, 0x0000000100000000)
  region size 1024K, 2 young (2048K), 2 survivors (2048K)
 Metaspace       used 59991K, committed 60416K, reserved 1105920K
  class space    used 8113K, committed 8320K, reserved 1048576K
}
Event: 11.056 GC heap before
{Heap before GC invocations=17 (full 0):
 garbage-first heap   total 65536K, used 49452K [0x00000000a1e00000, 0x0000000100000000)
  region size 1024K, 28 young (28672K), 2 survivors (2048K)
 Metaspace       used 62548K, committed 63040K, reserved 1105920K
  class space    used 8563K, committed 8768K, reserved 1048576K
}
Event: 11.061 GC heap after
{Heap after GC invocations=18 (full 0):
 garbage-first heap   total 65536K, used 26193K [0x00000000a1e00000, 0x0000000100000000)
  region size 1024K, 4 young (4096K), 4 survivors (4096K)
 Metaspace       used 62548K, committed 63040K, reserved 1105920K
  class space    used 8563K, committed 8768K, reserved 1048576K
}
Event: 11.097 GC heap before
{Heap before GC invocations=18 (full 0):
 garbage-first heap   total 65536K, used 27217K [0x00000000a1e00000, 0x0000000100000000)
  region size 1024K, 5 young (5120K), 4 survivors (4096K)
 Metaspace       used 62634K, committed 63104K, reserved 1105920K
  class space    used 8579K, committed 8768K, reserved 1048576K
}
Event: 11.103 GC heap after
{Heap after GC invocations=19 (full 0):
 garbage-first heap   total 65536K, used 26597K [0x00000000a1e00000, 0x0000000100000000)
  region size 1024K, 1 young (1024K), 1 survivors (1024K)
 Metaspace       used 62634K, committed 63104K, reserved 1105920K
  class space    used 8579K, committed 8768K, reserved 1048576K
}

